TrackerStarter version 6.0.1  12:45:52  Oct 01 2021

 - relaunch required
 - needs Java VM? false
 - needs memory? false
 - needs environment? true
 - relaunch initiated by Tracker
 - TrackerStarter running in jre: C:\Program Files\Java\jdk-11.0.8
 - launching with main arguments: null
 - using trackerhome: C:\Users\hansonr\git\tracker1\distribution
 - osp.prefs XUGGLE_HOME: C:\temp\tracker\Xuggle
 - using xugglehome: C:\temp\tracker\Xuggle
 - loading starter preferences from: C:\Users\hansonr\tracker.prefs
 - system property PREFERRED_TRACKER_JAR = C:/Users/hansonr/git/tracker1/distribution/tracker.jar
 - preferred Tracker version: tracker.jar (presumed 6.0.1)
 - preferred xuggle version: 5.7 server
 - no preferred java VM
 - no bundled VM, using default VM: C:\Program Files\Java\jre1.8.0_291
 - system property PREFERRED_MEMORY_SIZE = 1024
 - preferred memory size: 1024 MB
 - xuggle 5.7 files up to date 
 - setting TRACKER_HOME = C:\Users\hansonr\git\tracker1\distribution
 - setting XUGGLE_HOME = C:\temp\tracker\Xuggle
 - executing command: C:/Program Files/Java/jre1.8.0_291/bin/java -Xms32m -Xmx1024m -jar C:/Users/hansonr/git/tracker1/distribution/tracker.jar 
 - writing code base start log C:\Users\hansonr\git\tracker1\distribution\tracker_start.log
